Build started 24.04.2016 22:28:07.
     1>Project "D:\Кепаров\Compiller\Compiler_v13\Compiler_v13\Compiler_v13.vcxproj" on node 2 (ClCompile target(s)).
     1>ClCompile:
         C:\Program Files (x86)\Microsoft Visual Studio 12.0\VC\bin\CL.exe /c /ZI /nologo /W3 /WX- /Od /Oy- /D WIN32 /D _DEBUG /D _CONSOLE /D _LIB /D _UNICODE /D UNICODE /Gm /EHsc /RTC1 /MDd /GS /fp:precise /Zc:wchar_t /Zc:forScope /Fo"Debug\\" /Fd"Debug\vc120.pdb" /Gd /TP /analyze- /errorReport:prompt SyntaxAnalizer.cpp
         SyntaxAnalizer.cpp
     1>d:\кепаров\compiller\compiler_v13\compiler_v13\syntaxanalizer.cpp(20): warning C4018: '<' : signed/unsigned mismatch
     1>d:\кепаров\compiller\compiler_v13\compiler_v13\syntaxanalizer.cpp(294): warning C4018: '<' : signed/unsigned mismatch
     1>d:\кепаров\compiller\compiler_v13\compiler_v13\syntaxanalizer.cpp(359): warning C4018: '<' : signed/unsigned mismatch
     1>d:\кепаров\compiller\compiler_v13\compiler_v13\syntaxanalizer.cpp(393): warning C4018: '<' : signed/unsigned mismatch
     1>d:\кепаров\compiller\compiler_v13\compiler_v13\syntaxanalizer.cpp(396): warning C4018: '>' : signed/unsigned mismatch
     1>d:\кепаров\compiller\compiler_v13\compiler_v13\syntaxanalizer.cpp(412): warning C4018: '<' : signed/unsigned mismatch
     1>d:\кепаров\compiller\compiler_v13\compiler_v13\syntaxanalizer.cpp(561): warning C4018: '<' : signed/unsigned mismatch
     1>d:\кепаров\compiller\compiler_v13\compiler_v13\syntaxanalizer.cpp(587): warning C4018: '<' : signed/unsigned mismatch
     1>d:\кепаров\compiller\compiler_v13\compiler_v13\syntaxanalizer.cpp(602): warning C4018: '<' : signed/unsigned mismatch
     1>d:\кепаров\compiller\compiler_v13\compiler_v13\syntaxanalizer.cpp(613): warning C4018: '<' : signed/unsigned mismatch
     1>d:\кепаров\compiller\compiler_v13\compiler_v13\syntaxanalizer.cpp(618): warning C4018: '<' : signed/unsigned mismatch
     1>d:\кепаров\compiller\compiler_v13\compiler_v13\syntaxanalizer.cpp(629): warning C4018: '<' : signed/unsigned mismatch
     1>d:\кепаров\compiller\compiler_v13\compiler_v13\syntaxanalizer.cpp(707): warning C4018: '<' : signed/unsigned mismatch
     1>d:\кепаров\compiller\compiler_v13\compiler_v13\syntaxanalizer.cpp(764): warning C4018: '<' : signed/unsigned mismatch
     1>d:\кепаров\compiller\compiler_v13\compiler_v13\syntaxanalizer.cpp(788): warning C4018: '<' : signed/unsigned mismatch
     1>d:\кепаров\compiller\compiler_v13\compiler_v13\syntaxanalizer.cpp(811): warning C4018: '<' : signed/unsigned mismatch
     1>d:\кепаров\compiller\compiler_v13\compiler_v13\syntaxanalizer.cpp(861): warning C4018: '<' : signed/unsigned mismatch
     1>d:\кепаров\compiller\compiler_v13\compiler_v13\syntaxanalizer.cpp(872): warning C4018: '<' : signed/unsigned mismatch
     1>d:\кепаров\compiller\compiler_v13\compiler_v13\syntaxanalizer.cpp(877): warning C4018: '<' : signed/unsigned mismatch
     1>d:\кепаров\compiller\compiler_v13\compiler_v13\syntaxanalizer.cpp(894): warning C4018: '<' : signed/unsigned mismatch
     1>d:\кепаров\compiller\compiler_v13\compiler_v13\syntaxanalizer.cpp(923): warning C4018: '<' : signed/unsigned mismatch
     1>d:\кепаров\compiller\compiler_v13\compiler_v13\syntaxanalizer.cpp(937): warning C4018: '<' : signed/unsigned mismatch
     1>d:\кепаров\compiller\compiler_v13\compiler_v13\syntaxanalizer.cpp(949): warning C4018: '<' : signed/unsigned mismatch
     1>d:\кепаров\compiller\compiler_v13\compiler_v13\syntaxanalizer.cpp(973): warning C4018: '<' : signed/unsigned mismatch
     1>d:\кепаров\compiller\compiler_v13\compiler_v13\syntaxanalizer.cpp(1022): warning C4018: '<' : signed/unsigned mismatch
     1>d:\кепаров\compiller\compiler_v13\compiler_v13\syntaxanalizer.cpp(1033): warning C4018: '<' : signed/unsigned mismatch
     1>d:\кепаров\compiller\compiler_v13\compiler_v13\syntaxanalizer.cpp(1038): warning C4018: '<' : signed/unsigned mismatch
     1>d:\кепаров\compiller\compiler_v13\compiler_v13\syntaxanalizer.cpp(1050): warning C4018: '<' : signed/unsigned mismatch
     1>d:\кепаров\compiller\compiler_v13\compiler_v13\syntaxanalizer.cpp(1080): warning C4018: '<' : signed/unsigned mismatch
     1>d:\кепаров\compiller\compiler_v13\compiler_v13\syntaxanalizer.cpp(1095): warning C4018: '<' : signed/unsigned mismatch
     1>d:\кепаров\compiller\compiler_v13\compiler_v13\syntaxanalizer.cpp(1106): warning C4018: '<' : signed/unsigned mismatch
     1>d:\кепаров\compiller\compiler_v13\compiler_v13\syntaxanalizer.cpp(1111): warning C4018: '<' : signed/unsigned mismatch
     1>d:\кепаров\compiller\compiler_v13\compiler_v13\syntaxanalizer.cpp(1182): warning C4018: '<' : signed/unsigned mismatch
     1>d:\кепаров\compiller\compiler_v13\compiler_v13\syntaxanalizer.cpp(1328): warning C4018: '<' : signed/unsigned mismatch
     1>d:\кепаров\compiller\compiler_v13\compiler_v13\syntaxanalizer.cpp(1342): warning C4018: '>' : signed/unsigned mismatch
     1>d:\кепаров\compiller\compiler_v13\compiler_v13\syntaxanalizer.cpp(1364): warning C4018: '<' : signed/unsigned mismatch
     1>d:\кепаров\compiller\compiler_v13\compiler_v13\syntaxanalizer.cpp(1385): warning C4018: '<' : signed/unsigned mismatch
     1>d:\кепаров\compiller\compiler_v13\compiler_v13\syntaxanalizer.cpp(1397): warning C4018: '<' : signed/unsigned mismatch
     1>d:\кепаров\compiller\compiler_v13\compiler_v13\syntaxanalizer.cpp(1404): warning C4018: '<' : signed/unsigned mismatch
     1>d:\кепаров\compiller\compiler_v13\compiler_v13\syntaxanalizer.cpp(1425): warning C4018: '<' : signed/unsigned mismatch
     1>d:\кепаров\compiller\compiler_v13\compiler_v13\syntaxanalizer.cpp(1448): warning C4018: '<' : signed/unsigned mismatch
     1>d:\кепаров\compiller\compiler_v13\compiler_v13\syntaxanalizer.cpp(1320): warning C4715: 'getSCom' : not all control paths return a value
     1>Done Building Project "D:\Кепаров\Compiller\Compiler_v13\Compiler_v13\Compiler_v13.vcxproj" (ClCompile target(s)).

Build succeeded.

Time Elapsed 00:00:01.90
